IQ-TREE multicore version 1.6.1 for Linux 64-bit built Feb 16 2018
Developed by Bui Quang Minh, Nguyen Lam Tung, Olga Chernomor,
Heiko Schmidt, Dominik Schrempf, Michael Woodhams.

Host:    DESKTOP-2D1G59I (AVX2, FMA3, 15 GB RAM)
Command: iqtree -s /home/aglucaci/EvolutionOfNeurotrophins/analysis/Recombinants/01192021_BDNF_MACSE_RDP0.fas
Seed:    955567 (Using SPRNG - Scalable Parallel Random Number Generator)
Time:    Tue Jan 19 12:15:24 2021
Kernel:  AVX+FMA - 1 threads (8 CPU cores detected)

HINT: Use -nt option to specify number of threads because your CPU has 8 cores!
HINT: -nt AUTO will automatically determine the best number of threads to use.

Reading alignment file /home/aglucaci/EvolutionOfNeurotrophins/analysis/Recombinants/01192021_BDNF_MACSE_RDP0.fas ... Fasta format detected
Alignment most likely contains DNA/RNA sequences
WARNING: 93 sites contain only gaps or ambiguous characters.
Alignment has 291 sequences with 1848 columns, 1175 distinct patterns
811 parsimony-informative, 265 singleton sites, 772 constant sites
                Gap/Ambiguity  Composition  p-value
   1  NM_001709.5      59.90%    passed     48.66%
   2  NM_001012441.1   59.90%    passed     60.87%
   3  XM_008050727.1   59.90%    passed     97.48%
   4  XM_003919940.2   58.44%    passed     73.95%
   5  XM_005654684.3   57.79%    passed     87.89%
   6  XM_031025064.1   58.60%    passed     76.34%
   7  XM_028117708.1   59.90%    passed     83.79%
   8  XM_036109493.1   58.60%    passed     76.50%
   9  XM_021685880.1   59.90%    passed     86.15%
  10  XM_032414183.1   47.40%    passed     26.36%
  11  XM_025879326.1   59.90%    passed     85.67%
  12  XM_027577807.1   58.60%    passed     78.03%
  13  XM_004408653.1   58.60%    passed     84.13%
  14  XM_011226480.3   47.46%    passed     52.07%
  15  XM_004369733.1   58.60%    passed     47.90%
  16  XM_006864851.1   58.60%    passed     29.55%
  17  XM_006907988.2   58.60%    passed     98.40%
  18  XM_011362565.2   58.60%    passed     99.43%
  19  XM_004585440.1   58.60%    passed     28.45%
  20  XM_005328048.2   55.19%    passed     68.22%
  21  XM_037146035.1   59.90%    passed     99.35%
  22  XM_028517638.2   59.90%    passed     93.79%
  23  XM_006883713.1   58.60%    passed     62.37%
  24  XM_029957152.1   58.60%    passed     96.97%
  25  XM_035012477.1   59.90%    passed     94.77%
  26  XM_008686880.1   47.46%    passed     66.30%
  27  XM_004418542.2   58.60%    passed     89.42%
  28  XM_008584165.1   50.65%    passed     96.72%
  29  XM_026512203.1   59.90%    passed     95.46%
  30  XM_007951952.1   58.60%    passed     55.83%
  31  XM_026412272.1   55.25%    passed     69.17%
  32  XM_024558903.1   58.60%    passed     86.91%
  33  XM_005633263.3   58.60%    passed     83.43%
  34  XM_025459816.2   58.60%    passed     83.43%
  35  XM_026018600.1   58.60%    passed     79.00%
  36  XM_023230347.2   55.19%    passed     52.71%
  37  XM_012523604.2   59.90%    passed     74.05%
  38  XM_006195083.3   46.65%    passed     44.12%
  39  XM_010964743.1   58.60%    passed     33.00%
  40  XM_031459858.1   46.65%    passed     49.01%
  41  XM_031681074.1   46.65%    passed     42.15%
  42  XM_033118944.1   46.43%    passed      5.52%
  43  XM_019650718.1   57.47%    passed     96.46%
  44  XM_029555090.1   55.36%    passed     90.60%
  45  XM_004660846.2   58.60%    passed     97.26%
  46  XM_036258707.1   46.75%    passed     46.56%
  47  XM_037522538.1   58.77%    passed     94.54%
  48  XM_004682964.2   58.77%    passed     94.60%
  49  XM_007653166.4   55.36%    passed     84.63%
  50  XM_005216334.4   58.12%    passed     61.40%
  51  XM_012096129.3   59.42%    passed     42.63%
  52  XM_005690025.2   58.12%    passed     54.90%
  53  XM_005890667.2   58.12%    passed     58.29%
  54  XM_006068006.2   59.42%    passed     61.90%
  55  XM_010831788.1   59.42%    passed     50.05%
  56  XM_019974522.1   45.94%    passed     21.49%
  57  XM_027562786.1   58.12%    passed     61.40%
  58  XM_020903256.1   58.12%    passed     30.45%
  59  NM_001009828.1   59.90%    passed     99.96%
  60  XM_015544869.1   59.90%    passed     96.67%
  61  XM_017667612.2   58.60%    passed     84.08%
  62  XM_036879079.1   58.60%    passed     90.60%
  63  XM_037040421.1   59.90%    passed     96.99%
  64  XM_014545223.1   46.81%    passed     50.69%
  65  XM_023756374.1   58.60%    passed     72.56%
  66  XM_036325692.1   58.12%    passed     72.36%
  67  XM_008148947.2   58.12%    passed     22.94%
  68  XM_006753948.2   58.60%    passed     69.08%
  69  XM_012649556.1   46.59%    passed     20.60%
  70  XM_014591303.2   59.90%    passed     96.51%
  71  XM_004263941.3   59.74%    passed     59.11%
  72  XM_019947883.2   58.44%    passed     66.10%
  73  XM_024764694.1   59.74%    passed     59.34%
  74  XM_022583733.1   46.48%    passed     75.46%
  75  XM_027115138.1   58.44%    passed     66.10%
  76  XM_030864833.1   58.44%    passed     66.10%
  77  XM_007180991.1   58.44%    passed     73.27%
  78  XM_036862552.1   58.44%    passed     71.55%
  79  XM_007461679.1   58.44%    passed     83.29%
  80  XM_032641481.1   57.31%    passed     17.42%
  81  XM_028501134.1   55.84%    passed     29.55%
  82  NM_001081787.1   59.90%    passed     65.69%
  83  XM_008522855.1   59.90%    passed     65.69%
  84  XM_014831462.1   59.90%    passed     61.34%
  85  XM_037204438.1   47.08%    passed     21.53%
  86  NM_001048142.1   59.58%    passed     94.93%
  87  XM_021151236.2   41.29%    passed      9.59%
  88  XM_021192829.2   41.29%    passed     22.20%
  89  NM_001270630.1   41.23%    failed      1.77%
  90  XM_032903861.1   41.23%    failed      2.42%
  91  XM_004708253.2   58.44%    passed     92.01%
  92  XM_013019592.1   46.92%    passed     48.57%
  93  XM_016206154.1   57.63%    failed      1.85%
  94  XM_012814047.1   46.43%    passed      7.74%
  95  XM_016194241.1   60.06%    passed     58.18%
  96  XM_013147262.2   57.31%    failed      0.35%
  97  XM_004644113.2   58.28%    failed      3.01%
  98  XM_005401751.2   58.28%    failed      2.26%
  99  XM_004851581.3   57.63%    failed      1.57%
 100  XM_007497196.2   55.84%    passed     17.38%
 101  XM_036763631.1   60.06%    passed     44.67%
 102  XM_031944159.1   58.77%    passed     96.67%
 103  XM_027852578.1   60.06%    passed     39.02%
 104  XM_020977976.1   55.52%    passed     22.17%
 105  XM_029059317.1   58.77%    passed     96.96%
 106  XM_036427676.1   49.35%    passed     37.63%
 107  XM_015286148.2   57.31%    passed      8.66%
 108  XM_037403339.1   58.77%    passed     55.22%
 109  XM_005235654.2   58.77%    passed     60.72%
 110  XM_005436172.2   58.77%    passed     55.22%
 111  XM_018081789.2   55.03%    passed     20.98%
 112  XM_009084069.1   60.06%    passed     46.10%
 113  XM_032691332.1   54.87%    passed     11.25%
 114  XM_009584497.1   60.06%    passed     55.67%
 115  XM_009919440.1   60.06%    passed     67.02%
 116  XM_010208602.1   60.06%    passed     78.43%
 117  XM_010284015.1   60.06%    passed     53.01%
 118  XM_010563723.1   58.77%    passed     64.78%
 119  XM_026122142.1   60.06%    passed     34.62%
 120  XM_026850900.1   60.06%    passed     44.20%
 121  XM_017826956.1   55.03%    passed     12.67%
 122  XM_027735729.1   55.03%    passed     13.36%
 123  XM_027663335.1   55.03%    passed     15.34%
 124  XM_027705303.1   55.03%    passed     11.94%
 125  XM_009877094.1   60.06%    passed     42.75%
 126  XM_009961628.1   60.06%    passed     73.22%
 127  XM_010004242.1   58.77%    passed     89.60%
 128  XM_010181413.1   60.06%    passed     33.35%
 129  XM_010710698.3   60.06%    passed     52.95%
 130  XM_027458617.1   57.31%    passed     51.65%
 131  XM_019474511.1   57.31%    passed     32.46%
 132  XM_009483459.1   60.06%    passed     30.97%
 133  XM_005499331.2   58.77%    passed     66.20%
 134  XM_009334518.1   58.77%    passed     35.27%
 135  XM_009461407.1   58.77%    passed     66.06%
 136  XM_009506018.1   60.06%    passed     54.08%
 137  XM_009555765.1   58.77%    passed     40.43%
 138  XM_009709132.1   60.06%    passed     69.47%
 139  XM_035891185.1   57.31%    passed     28.30%
 140  XM_009807008.1   60.06%    passed     46.93%
 141  XM_009892685.1   58.77%    passed     37.77%
 142  XM_009937137.1   58.77%    passed     40.50%
 143  XM_033007022.1   58.77%    passed     39.01%
 144  XM_009987364.1   60.06%    passed     26.83%
 145  XM_032189037.1   58.77%    passed     54.11%
 146  XM_010087584.1   60.06%    passed     41.29%
 147  XM_010124146.1   60.06%    passed     62.59%
 148  XM_010298236.1   60.06%    passed     42.38%
 149  XM_013177775.1   49.51%    passed     55.93%
 150  XM_014953771.1   58.77%    passed     49.34%
 151  XM_035550371.1   60.06%    passed     42.74%
 152  XM_021401184.1   53.90%    passed     49.93%
 153  XM_035328263.1   58.77%    passed     41.39%
 154  XM_009679447.1   54.87%    passed     18.40%
 155  XM_031607204.1   58.77%    passed     59.31%
 156  XM_015863456.2   58.77%    passed     32.71%
 157  XM_009901330.1   60.06%    passed     52.89%
 158  XM_010019023.1   60.06%    passed     37.63%
 159  XM_030039828.1   58.77%    passed     60.93%
 160  XM_031050332.2   57.31%    passed     31.70%
 161  XM_019519496.1   60.06%    failed      3.81%
 162  XM_006020695.3   60.06%    failed      4.69%
 163  XM_019476630.1   60.06%    failed      2.57%
 164  XM_019552325.1   60.06%    failed      3.87%
 165  XM_030451239.1   57.31%    passed     39.49%
 166  XM_010153077.1   60.06%    passed     67.36%
 167  XM_030484817.1   58.77%    passed     28.68%
 168  XM_026073096.1   58.77%    passed     34.99%
 169  XM_013959299.1   60.06%    passed     40.35%
 170  XM_010167688.2   57.31%    passed     36.43%
 171  XM_010140876.1   60.06%    passed     74.83%
 172  XM_012573739.3   58.77%    passed     53.68%
 173  XM_021539051.2   58.77%    passed     55.50%
 174  XM_009097040.3   58.77%    passed     44.06%
 175  XM_033062838.1   58.77%    failed      4.11%
 176  XM_014889810.1   58.77%    passed     11.28%
 177  XM_005530281.1   58.77%    passed     29.89%
 178  XM_008644084.2   58.77%    passed     14.85%
 179  XM_032112640.1   58.77%    passed     15.71%
 180  XM_010405240.3   58.77%    passed     17.51%
 181  XM_015631657.3   58.77%    passed     35.97%
 182  XM_023928496.1   57.31%    passed     37.02%
 183  XM_005306369.3   58.12%    passed      7.25%
 184  XM_024214871.2   60.06%    passed     10.35%
 185  XM_030560212.1   58.77%    passed      7.66%
 186  XM_034769999.1   58.77%    passed      6.23%
 187  XM_007067914.2   60.06%    passed     12.96%
 188  XM_032770859.1   58.77%    passed      6.39%
 189  XM_014574007.2   56.98%    failed      1.10%
 190  XM_027908627.1   55.03%    passed     88.37%
 191  XM_008946081.1   60.06%    passed     21.61%
 192  XM_005426937.2   58.77%    passed     36.87%
 193  XM_036384476.1   58.77%    passed     24.25%
 194  XM_030950284.1   58.77%    passed     36.87%
 195  XM_014270822.2   58.28%    passed     20.55%
 196  XM_026041160.1   60.06%    failed      0.01%
 197  XM_010226640.1   58.77%    failed      4.05%
 198  XM_005046293.2   58.77%    failed      1.54%
 199  XM_020790423.1   58.77%    passed     34.12%
 200  XM_008118081.2   58.77%    failed      4.34%
 201  XM_015425686.1   60.06%    failed      0.75%
 202  XM_035117800.1   55.84%    passed     45.44%
 203  XM_033151141.1   55.84%    passed     33.41%
 204  XM_028729457.1   55.84%    passed     53.08%
 205  XM_025169672.1   60.06%    passed      6.33%
 206  XM_034417213.1   51.46%    passed     16.39%
 207  XM_032228844.1   60.06%    passed     10.15%
 208  XM_014061142.1   60.06%    passed      9.75%
 209  XM_015815390.1   60.06%    passed      5.54%
 210  XM_026704474.1   60.06%    failed      4.75%
 211  XM_026664626.1   60.06%    failed      4.75%
 212  XM_005995059.2   60.06%    failed      0.36%
 213  XM_033764060.1   60.50%    failed      0.00%
 214  XM_031899708.1   58.60%    failed      0.97%
 215  XM_018567792.1   58.44%    passed     14.32%
 216  XM_029582984.1   59.90%    passed     55.20%
 217  XM_033928531.1   52.27%    passed     14.50%
 218  XM_030199447.1   59.90%    passed     32.32%
 219  NM_001308648.1   54.87%    failed      4.54%
 220  XM_026267401.1   54.87%    failed      2.09%
 221  XM_016463442.1   54.71%    passed     13.02%
 222  XM_016571672.1   56.01%    passed     18.46%
 223  XM_027008950.2   54.87%    failed      0.16%
 224  XM_037534737.1   54.22%    failed      0.00%
 225  XM_022667082.1   52.60%    failed      0.00%
 226  XM_027137186.1   54.38%    failed      0.85%
 227  XM_017458315.1   55.52%    failed      0.27%
 228  XM_026937384.2   57.31%    failed      0.30%
 229  XM_030766568.1   54.55%    failed      0.28%
 230  XM_017032306.1   54.87%    passed     80.99%
 231  XM_031276596.2   55.03%    passed     79.75%
 232  XM_018686336.1   52.11%    passed     82.93%
 233  XM_028581783.1   55.03%    passed     72.90%
 234  XM_030131251.1   52.27%    passed     64.96%
 235  XM_008293095.1   56.33%    passed     18.16%
 236  XM_023287611.2   50.32%    passed     24.14%
 237  XM_026320191.1   56.33%    passed     77.73%
 238  XM_029461496.1   55.03%    passed     73.84%
 239  XM_022767880.1   56.33%    passed     53.89%
 240  XM_022201096.1   50.32%    passed     23.93%
 241  XM_023424307.1   55.03%    passed     55.58%
 242  XM_020079828.1   54.71%    passed     61.66%
 243  XM_020605233.1   55.03%    passed     70.45%
 244  XM_019260722.2   50.65%    passed     57.45%
 245  XM_028401977.1   56.33%    passed     67.11%
 246  XM_005466922.3   50.32%    passed     49.50%
 247  XM_005937203.2   50.32%    passed     44.68%
 248  XM_031744875.1   56.33%    passed     71.29%
 249  XM_026166368.1   50.32%    passed     54.34%
 250  XM_004543257.3   55.03%    passed     77.85%
 251  XM_006780263.1   55.03%    passed     77.31%
 252  XM_005724258.1   55.03%    passed     76.99%
 253  XM_030724800.1   56.33%    passed     73.30%
 254  XM_030413189.1   50.16%    passed     21.29%
 255  XM_026378593.1   56.33%    passed     72.36%
 256  XM_031846789.1   50.16%    passed     43.28%
 257  XM_030046750.1   56.33%    passed     71.24%
 258  XM_032509793.1   51.79%    passed     83.10%
 259  XM_020632519.2   55.03%    passed     69.60%
 260  XM_029144763.1   55.03%    passed     19.75%
 261  XM_017440456.3   50.16%    passed     25.59%
 262  XM_014025998.1   48.21%    failed      0.09%
 263  XM_015953357.1   55.03%    passed     45.61%
 264  XM_020713401.2   54.38%    passed     23.78%
 265  XM_024296236.2   47.89%    passed     36.47%
 266  XM_029498550.1   56.33%    passed     94.79%
 267  XM_010793243.1   52.60%    passed     82.99%
 268  XM_030096988.1   52.27%    passed     18.33%
 269  XM_028443281.1   48.54%    passed     96.85%
 270  XM_015384151.1   52.44%    passed     49.79%
 271  XM_021309594.2   50.81%    passed      8.86%
 272  XM_023331776.1   55.03%    passed     22.55%
 273  XM_028014411.1   55.03%    passed     21.24%
 274  XM_016672387.1   50.65%    passed     28.03%
 275  XM_014998831.1   50.65%    passed     31.27%
 276  XM_015049425.1   50.65%    passed     22.00%
 277  XM_032560178.1   55.03%    passed     17.61%
 278  XM_008405147.2   52.27%    passed     13.99%
 279  XM_020939026.1   57.14%    passed     27.33%
 280  XM_020053030.2   56.01%    passed     63.46%
 281  XM_029846527.1   49.51%    failed      1.74%
 282  XM_019867195.1   53.08%    passed     82.40%
 283  XM_030376135.1   54.87%    passed     33.80%
 284  XM_028957024.1   57.25%    failed      0.00%
 285  XM_031587459.1   49.68%    failed      0.79%
 286  XM_023810716.1   56.33%    passed     19.13%
 287  XM_028794224.1   56.49%    passed     22.11%
 288  XM_015338619.1   52.11%    failed      2.31%
 289  XM_020536678.1   59.09%    passed     10.47%
 290  XM_033038635.1   60.39%    failed      1.68%
 291  XM_007887667.1   56.49%    passed      7.44%
WARNING: 265 sequences contain more than 50% gaps/ambiguity
****  TOTAL            56.47%  38 sequences failed composition chi2 test (p-value<5%; df=3)
NOTE: XM_025459816.2 is identical to XM_005633263.3 but kept for subsequent analysis
NOTE: XM_027562786.1 is identical to XM_005216334.4 but kept for subsequent analysis
NOTE: XM_027115138.1 is identical to XM_019947883.2 but kept for subsequent analysis
NOTE: XM_008522855.1 is identical to NM_001081787.1 but kept for subsequent analysis
NOTE: XM_005436172.2 is identical to XM_037403339.1 but kept for subsequent analysis
NOTE: XM_030950284.1 is identical to XM_005426937.2 but kept for subsequent analysis
NOTE: XM_026664626.1 is identical to XM_026704474.1 but kept for subsequent analysis
NOTE: 1 identical sequences (see below) will be ignored for subsequent analysis
NOTE: XM_030864833.1 (identical to XM_019947883.2) is ignored but added at the end

For your convenience alignment with unique sequences printed to /home/aglucaci/EvolutionOfNeurotrophins/analysis/Recombinants/01192021_BDNF_MACSE_RDP0.fas.uniqueseq.phy


Create initial parsimony tree by phylogenetic likelihood library (PLL)... 0.068 seconds
NOTE: ModelFinder requires 110 MB RAM!
ModelFinder will test 286 DNA models (sample size: 1848) ...
 No. Model         -LnL         df  AIC          AICc         BIC
  1  JC            41153.138    577 83460.276    83985.482    86646.389
  2  JC+I          38634.419    578 78424.837    78952.279    81616.472
  3  JC+G4         36066.406    578 73288.812    73816.254    76480.447
  4  JC+I+G4       35955.043    579 73068.086    73597.770    76265.242
  5  JC+R2         36848.521    579 74855.041    75384.726    78052.198
  6  JC+R3         36159.177    581 73480.354    74014.544    76688.554
  7  JC+R4         35975.314    583 73116.628    73655.350    76335.872
  8  JC+R5         35924.391    585 73018.781    73562.062    76249.069
  9  JC+R6         35901.305    587 72976.609    73524.476    76217.941
 10  JC+R7         35898.101    589 72974.203    73526.683    76226.578
 14  F81+F         41140.431    580 83440.863    83972.796    86643.541
 15  F81+F+I       38603.448    581 78368.895    78903.085    81577.096
 16  F81+F+G4      36036.041    581 73234.081    73768.271    76442.281
 17  F81+F+I+G4    35921.606    582 73007.212    73543.664    76220.934
 18  F81+F+R2      36815.388    582 74794.775    75331.227    78008.497
 19  F81+F+R3      36133.916    584 73435.831    73976.829    76660.597
 20  F81+F+R4      35947.030    586 73066.061    73611.631    76301.870
 21  F81+F+R5      35893.071    588 72962.142    73512.312    76208.996
 22  F81+F+R6      35869.367    590 72918.733    73473.531    76176.630
 23  F81+F+R7      35868.308    592 72920.616    73480.068    76189.556
 27  K2P           40245.740    578 81647.481    82174.923    84839.115
 28  K2P+I         37698.732    579 76555.465    77085.150    79752.621
 29  K2P+G4        34974.938    579 71107.876    71637.561    74305.033
 30  K2P+I+G4      34871.621    580 70903.242    71435.176    74105.920
 31  K2P+R2        35842.152    580 72844.305    73376.238    76046.983
 32  K2P+R3        35103.196    582 71370.392    71906.845    74584.115
 33  K2P+R4        34896.244    584 70960.489    71501.486    74185.255
 34  K2P+R5        34838.541    586 70849.081    71394.651    74084.891
 35  K2P+R6        34812.104    588 70800.207    71350.377    74047.061
 36  K2P+R7        34808.430    590 70796.861    71351.658    74054.758
 40  HKY+F         40266.086    581 81694.172    82228.362    84902.372
 41  HKY+F+I       37683.992    582 76531.984    77068.436    79745.706
 42  HKY+F+G4      34933.288    582 71030.576    71567.028    74244.298
 43  HKY+F+I+G4    34826.749    583 70819.498    71358.220    74038.742
 44  HKY+F+R2      35811.159    583 72788.318    73327.040    76007.562
 45  HKY+F+R3      35050.611    585 71271.222    71814.502    74501.509
 46  HKY+F+R4      34848.424    587 70870.849    71418.716    74112.180
 47  HKY+F+R5      34788.481    589 70754.962    71307.442    74007.337
 48  HKY+F+R6      34762.493    591 70706.986    71264.107    73970.405
 49  HKY+F+R7      34760.075    593 70706.151    71267.940    73980.613
 53  TNe           40228.762    579 81615.525    82145.209    84812.681
 54  TNe+I         37682.950    580 76525.900    77057.834    79728.578
 55  TNe+G4        34968.820    580 71097.641    71629.574    74300.319
 56  TNe+I+G4      34867.903    581 70897.806    71431.996    74106.007
 57  TNe+R2        35830.381    581 72822.762    73356.952    76030.963
 58  TNe+R3        35102.456    583 71370.912    71909.633    74590.156
 59  TNe+R4        34894.674    585 70959.348    71502.628    74189.635
 60  TNe+R5        34836.566    587 70847.133    71394.999    74088.464
 61  TNe+R6        34809.862    589 70797.725    71350.205    74050.100
 62  TNe+R7        34806.804    591 70795.607    71352.728    74059.026
 66  TN+F          40179.057    582 81522.114    82058.566    84735.836
 67  TN+F+I        37595.508    583 76357.016    76895.737    79576.260
 68  TN+F+G4       34872.875    583 70911.750    71450.471    74130.994
 69  TN+F+I+G4     34774.262    584 70716.523    71257.521    73941.289
 70  TN+F+R2       35741.197    584 72650.393    73191.391    75875.159
 71  TN+F+R3       35018.638    586 71209.276    71754.847    74445.086
 72  TN+F+R4       34805.945    588 70787.891    71338.061    74034.744
 73  TN+F+R5       34743.985    590 70667.970    71222.767    73925.867
 74  TN+F+R6       34718.249    592 70620.497    71179.949    73889.438
 75  TN+F+R7       34715.373    594 70618.745    71182.879    73898.730
 79  K3P           40246.586    579 81651.173    82180.857    84848.329
 80  K3P+I         37698.939    580 76557.878    77089.812    79760.556
 81  K3P+G4        34971.677    580 71103.354    71635.287    74306.032
 82  K3P+I+G4      34868.387    581 70898.774    71432.963    74106.974
 83  K3P+R2        35840.231    581 72842.462    73376.652    76050.663
 84  K3P+R3        35100.730    583 71367.461    71906.182    74586.705
 85  K3P+R4        34893.302    585 70956.605    71499.885    74186.892
 86  K3P+R5        34835.220    587 70844.440    71392.307    74085.772
 87  K3P+R6        34808.935    589 70795.870    71348.350    74048.245
 88  K3P+R7        34805.210    591 70792.419    71349.540    74055.838
 92  K3Pu+F        40265.325    582 81694.650    82231.103    84908.372
 93  K3Pu+F+I      37682.480    583 76530.961    77069.682    79750.205
 94  K3Pu+F+G4     34927.321    583 71020.643    71559.364    74239.887
 95  K3Pu+F+I+G4   34821.429    584 70810.858    71351.856    74035.624
 96  K3Pu+F+R2     35807.188    584 72782.376    73323.374    76007.142
 97  K3Pu+F+R3     35046.345    586 71264.690    71810.260    74500.500
 98  K3Pu+F+R4     34842.914    588 70861.829    71411.999    74108.682
 99  K3Pu+F+R5     34782.806    590 70745.613    71300.410    74003.510
100  K3Pu+F+R6     34756.946    592 70697.891    71257.343    73966.832
101  K3Pu+F+R7     34754.317    594 70696.634    71260.768    73976.619
105  TPM2+F        40262.226    582 81688.452    82224.904    84902.174
106  TPM2+F+I      37682.470    583 76530.939    77069.661    79750.183
107  TPM2+F+G4     34932.319    583 71030.637    71569.359    74249.881
108  TPM2+F+I+G4   34825.857    584 70819.715    71360.712    74044.481
109  TPM2+F+R2     35810.411    584 72788.822    73329.819    76013.587
110  TPM2+F+R3     35050.006    586 71272.012    71817.582    74507.821
111  TPM2+F+R4     34846.814    588 70869.629    71419.799    74116.482
112  TPM2+F+R5     34787.368    590 70754.736    71309.534    74012.633
113  TPM2+F+R6     34761.096    592 70706.192    71265.644    73975.133
114  TPM2+F+R7     34758.629    594 70705.258    71269.392    73985.242
118  TPM2u+F       40262.241    582 81688.482    82224.934    84902.204
119  TPM2u+F+I     37682.482    583 76530.963    77069.685    79750.207
120  TPM2u+F+G4    34932.352    583 71030.704    71569.426    74249.948
121  TPM2u+F+I+G4  34825.861    584 70819.721    71360.719    74044.487
122  TPM2u+F+R2    35810.419    584 72788.837    73329.835    76013.603
123  TPM2u+F+R3    35050.012    586 71272.024    71817.594    74507.834
124  TPM2u+F+R4    34846.802    588 70869.605    71419.775    74116.458
125  TPM2u+F+R5    34787.364    590 70754.728    71309.526    74012.625
126  TPM2u+F+R6    34761.083    592 70706.166    71265.618    73975.107
127  TPM2u+F+R7    34758.615    594 70705.230    71269.364    73985.215
131  TPM3+F        40228.908    582 81621.817    82158.269    84835.539
132  TPM3+F+I      37676.429    583 76518.859    77057.580    79738.102
133  TPM3+F+G4     34911.416    583 70988.832    71527.554    74208.076
134  TPM3+F+I+G4   34809.350    584 70786.699    71327.697    74011.465
135  TPM3+F+R2     35796.861    584 72761.722    73302.720    75986.488
136  TPM3+F+R3     35041.981    586 71255.962    71801.532    74491.772
137  TPM3+F+R4     34829.717    588 70835.433    71385.603    74082.287
138  TPM3+F+R5     34773.727    590 70727.454    71282.252    73985.351
139  TPM3+F+R6     34746.665    592 70677.330    71236.781    73946.270
140  TPM3+F+R7     34742.825    594 70673.649    71237.783    73953.634
144  TPM3u+F       40228.923    582 81621.845    82158.298    84835.568
145  TPM3u+F+I     37676.444    583 76518.888    77057.610    79738.132
146  TPM3u+F+G4    34911.422    583 70988.844    71527.565    74208.088
147  TPM3u+F+I+G4  34809.351    584 70786.703    71327.700    74011.469
148  TPM3u+F+R2    35796.871    584 72761.742    73302.739    75986.508
149  TPM3u+F+R3    35041.988    586 71255.977    71801.547    74491.786
150  TPM3u+F+R4    34829.707    588 70835.415    71385.585    74082.268
151  TPM3u+F+R5    34773.762    590 70727.524    71282.321    73985.421
152  TPM3u+F+R6    34746.669    592 70677.339    71236.790    73946.279
153  TPM3u+F+R7    34742.731    594 70673.463    71237.597    73953.447
157  TIMe          40228.474    580 81616.948    82148.881    84819.626
158  TIMe+I        37682.476    581 76526.951    77061.141    79735.151
159  TIMe+G4       34965.335    581 71092.670    71626.860    74300.870
160  TIMe+I+G4     34864.760    582 70893.521    71429.973    74107.243
161  TIMe+R2       35828.548    582 72821.097    73357.549    76034.819
162  TIMe+R3       35100.383    584 71368.766    71909.763    74593.531
163  TIMe+R4       34891.658    586 70955.316    71500.886    74191.126
164  TIMe+R5       34833.426    588 70842.853    71393.023    74089.706
165  TIMe+R6       34806.801    590 70793.601    71348.398    74051.498
166  TIMe+R7       34803.415    592 70790.831    71350.283    74059.772
170  TIM+F         40178.337    583 81522.674    82061.396    84741.918
171  TIM+F+I       37594.041    584 76356.081    76897.079    79580.847
172  TIM+F+G4      34867.086    584 70902.173    71443.171    74126.939
173  TIM+F+I+G4    34768.841    585 70707.681    71250.962    73937.969
174  TIM+F+R2      35737.317    585 72644.634    73187.914    75874.921
175  TIM+F+R3      35014.523    587 71203.046    71750.912    74444.377
176  TIM+F+R4      34800.305    589 70778.610    71331.091    74030.986
177  TIM+F+R5      34738.355    591 70658.711    71215.832    73922.129
178  TIM+F+R6      34712.871    593 70611.741    71173.530    73886.204
179  TIM+F+R7      34709.761    595 70609.523    71176.008    73895.029
183  TIM2e         40221.420    580 81602.841    82134.774    84805.519
184  TIM2e+I       37679.344    581 76520.688    77054.878    79728.889
185  TIM2e+G4      34968.797    581 71099.593    71633.783    74307.793
186  TIM2e+I+G4    34867.867    582 70899.735    71436.187    74113.457
187  TIM2e+R2      35830.319    582 72824.639    73361.091    76038.361
188  TIM2e+R3      35102.435    584 71372.870    71913.868    74597.636
189  TIM2e+R4      34894.334    586 70960.668    71506.238    74196.478
190  TIM2e+R5      34836.739    588 70849.479    71399.649    74096.332
191  TIM2e+R6      34809.734    590 70799.468    71354.265    74057.365
192  TIM2e+R7      34806.447    592 70796.895    71356.347    74065.835
196  TIM2+F        40175.208    583 81516.416    82055.138    84735.660
197  TIM2+F+I      37593.946    584 76355.891    76896.889    79580.657
198  TIM2+F+G4     34872.175    584 70912.349    71453.347    74137.115
199  TIM2+F+I+G4   34773.142    585 70716.284    71259.564    73946.571
200  TIM2+F+R2     35740.210    585 72650.420    73193.701    75880.708
201  TIM2+F+R3     35018.115    587 71210.230    71758.096    74451.561
202  TIM2+F+R4     34804.456    589 70786.912    71339.392    74039.287
203  TIM2+F+R5     34742.895    591 70667.791    71224.912    73931.210
204  TIM2+F+R6     34717.270    593 70620.540    71182.330    73895.003
205  TIM2+F+R7     34714.064    595 70618.128    71184.614    73903.634
209  TIM3e         40158.443    580 81476.887    82008.820    84679.565
210  TIM3e+I       37654.900    581 76471.800    77005.989    79680.000
211  TIM3e+G4      34915.012    581 70992.024    71526.214    74200.224
212  TIM3e+I+G4    34821.278    582 70806.556    71343.008    74020.278
213  TIM3e+R2      35788.668    582 72741.336    73277.788    75955.058
214  TIM3e+R3      35065.978    584 71299.956    71840.953    74524.721
215  TIM3e+R4      34847.901    586 70867.802    71413.372    74103.611
216  TIM3e+R5      34791.876    588 70759.751    71309.921    74006.604
217  TIM3e+R6      34765.247    590 70710.495    71265.292    73968.392
218  TIM3e+R7      34760.245    592 70704.489    71263.941    73973.430
222  TIM3+F        40140.898    583 81447.795    81986.517    84667.039
223  TIM3+F+I      37588.046    584 76344.092    76885.090    79568.858
224  TIM3+F+G4     34852.161    584 70872.322    71413.320    74097.088
225  TIM3+F+I+G4   34757.779    585 70685.559    71228.839    73915.846
226  TIM3+F+R2     35724.610    585 72619.220    73162.500    75849.508
227  TIM3+F+R3     35006.297    587 71186.593    71734.460    74427.924
228  TIM3+F+R4     34787.723    589 70753.445    71305.925    74005.820
229  TIM3+F+R5     34728.643    591 70639.286    71196.407    73902.705
230  TIM3+F+R6     34701.858    593 70589.716    71151.506    73864.179
231  TIM3+F+R7     34697.080    595 70584.161    71150.646    73869.667
235  TVMe          40167.079    581 81496.159    82030.348    84704.359
236  TVMe+I        37665.199    582 76494.398    77030.850    79708.120
237  TVMe+G4       34916.106    582 70996.213    71532.665    74209.935
238  TVMe+I+G4     34819.839    583 70805.678    71344.399    74024.922
239  TVMe+R2       35798.243    583 72762.487    73301.208    75981.731
240  TVMe+R3       35063.374    585 71296.747    71840.028    74527.035
241  TVMe+R4       34845.425    587 70864.849    71412.716    74106.181
242  TVMe+R5       34788.658    589 70755.315    71307.795    74007.690
243  TVMe+R6       34762.953    591 70707.906    71265.027    73971.325
244  TVMe+R7       34757.987    593 70701.975    71263.764    73976.437
248  TVM+F         40222.103    584 81612.206    82153.204    84836.972
249  TVM+F+I       37671.778    585 76513.556    77056.837    79743.844
250  TVM+F+G4      34903.659    585 70977.318    71520.598    74207.606
251  TVM+F+I+G4    34802.156    586 70776.312    71321.882    74012.122
252  TVM+F+R2      35791.704    586 72755.407    73300.978    75991.217
253  TVM+F+R3      35036.803    588 71249.606    71799.776    74496.460
254  TVM+F+R4      34822.205    590 70824.411    71379.208    74082.308
255  TVM+F+R5      34766.553    592 70717.107    71276.559    73986.048
256  TVM+F+R6      34739.432    594 70666.864    71230.998    73946.849
257  TVM+F+R7      34735.444    596 70662.887    71231.731    73953.915
261  SYM           40148.413    582 81460.827    81997.279    84674.549
262  SYM+I         37648.834    583 76463.667    77002.389    79682.911
263  SYM+G4        34909.475    583 70984.951    71523.673    74204.195
264  SYM+I+G4      34816.245    584 70800.489    71341.487    74025.255
265  SYM+R2        35785.528    584 72739.056    73280.054    75963.822
266  SYM+R3        35062.639    586 71297.278    71842.848    74533.087
267  SYM+R4        34843.090    588 70862.179    71412.349    74109.033
268  SYM+R5        34786.744    590 70753.487    71308.284    74011.384
269  SYM+R6        34760.263    592 70704.526    71263.978    73973.467
270  SYM+R7        34755.040    594 70698.080    71262.214    73978.064
274  GTR+F         40134.128    585 81438.257    81981.537    84668.544
275  GTR+F+I       37583.385    586 76338.770    76884.340    79574.579
276  GTR+F+G4      34844.372    586 70860.744    71406.314    74096.554
277  GTR+F+I+G4    34750.629    587 70675.257    71223.124    73916.589
278  GTR+F+R2      35719.358    587 72612.717    73160.583    75854.048
279  GTR+F+R3      35001.290    589 71180.580    71733.060    74432.955
280  GTR+F+R4      34780.045    591 70742.090    71299.211    74005.509
281  GTR+F+R5      34721.250    593 70628.500    71190.289    73902.962
282  GTR+F+R6      34695.015    595 70580.031    71146.516    73865.537
283  GTR+F+R7      34690.991    597 70575.981    71147.191    73872.531
Akaike Information Criterion:           GTR+F+R7
Corrected Akaike Information Criterion: GTR+F+R6
Bayesian Information Criterion:         TIM3+F+R6
Best-fit model: TIM3+F+R6 chosen according to BIC

All model information printed to /home/aglucaci/EvolutionOfNeurotrophins/analysis/Recombinants/01192021_BDNF_MACSE_RDP0.fas.model.gz
CPU time for ModelFinder: 668.875 seconds (0h:11m:8s)
Wall-clock time for ModelFinder: 677.181 seconds (0h:11m:17s)

NOTE: 66 MB RAM (0 GB) is required!
Estimate model parameters (epsilon = 0.100)
1. Initial log-likelihood: -36654.176
2. Current log-likelihood: -34768.159
3. Current log-likelihood: -34712.810
4. Current log-likelihood: -34707.138
5. Current log-likelihood: -34704.872
6. Current log-likelihood: -34703.646
7. Current log-likelihood: -34702.974
8. Current log-likelihood: -34702.584
9. Current log-likelihood: -34702.344
10. Current log-likelihood: -34702.191
11. Current log-likelihood: -34702.086
Optimal log-likelihood: -34701.996
Rate parameters:  A-C: 1.35703  A-G: 3.57404  A-T: 1.00000  C-G: 1.35703  C-T: 5.44564  G-T: 1.00000
Base frequencies:  A: 0.265  C: 0.245  G: 0.288  T: 0.202
Site proportion and rates:  (0.232,0.003) (0.156,0.073) (0.128,0.271) (0.117,0.659) (0.101,1.284) (0.265,2.812)
Parameters optimization took 11 rounds (22.236 sec)
Computing ML distances based on estimated model parameters... 0.859 sec
Computing BIONJ tree...
0.058 seconds
Log-likelihood of BIONJ tree: -34858.437
--------------------------------------------------------------------
|             INITIALIZING CANDIDATE TREE SET                      |
--------------------------------------------------------------------
Generating 98 parsimony trees... 8.179 second
Computing log-likelihood of 98 initial trees ... 22.677 seconds
Current best score: -34701.996

Do NNI search on 20 best initial trees
Estimate model parameters (epsilon = 0.100)
BETTER TREE FOUND at iteration 1: -34592.865
Estimate model parameters (epsilon = 0.100)
BETTER TREE FOUND at iteration 2: -34483.140
Estimate model parameters (epsilon = 0.100)
BETTER TREE FOUND at iteration 3: -34470.588
Iteration 10 / LogL: -34520.623 / Time: 0h:13m:0s
Estimate model parameters (epsilon = 0.100)
BETTER TREE FOUND at iteration 19: -34458.320
Iteration 20 / LogL: -34590.229 / Time: 0h:13m:39s
Finish initializing candidate tree set (20)
Current best tree score: -34458.320 / CPU time: 117.259
Number of iterations: 20
--------------------------------------------------------------------
|               OPTIMIZING CANDIDATE TREE SET                      |
--------------------------------------------------------------------
Estimate model parameters (epsilon = 0.100)
BETTER TREE FOUND at iteration 21: -34430.084
Iteration 30 / LogL: -34434.073 / Time: 0h:14m:14s (0h:9m:16s left)
Estimate model parameters (epsilon = 0.100)
BETTER TREE FOUND at iteration 35: -34415.956
Estimate model parameters (epsilon = 0.100)
BETTER TREE FOUND at iteration 38: -34415.762
Iteration 40 / LogL: -34424.713 / Time: 0h:14m:51s (0h:8m:57s left)
Estimate model parameters (epsilon = 0.100)
BETTER TREE FOUND at iteration 50: -34401.561
Iteration 50 / LogL: -34401.561 / Time: 0h:15m:27s (0h:8m:30s left)
Estimate model parameters (epsilon = 0.100)
BETTER TREE FOUND at iteration 58: -34400.276
Iteration 60 / LogL: -34403.230 / Time: 0h:16m:4s (0h:7m:57s left)
Estimate model parameters (epsilon = 0.100)
BETTER TREE FOUND at iteration 65: -34397.422
Iteration 70 / LogL: -34446.760 / Time: 0h:16m:40s (0h:7m:25s left)
Estimate model parameters (epsilon = 0.100)
BETTER TREE FOUND at iteration 80: -34390.836
Iteration 80 / LogL: -34390.836 / Time: 0h:17m:16s (0h:7m:35s left)
Iteration 90 / LogL: -34397.747 / Time: 0h:17m:51s (0h:6m:39s left)
Iteration 100 / LogL: -34399.863 / Time: 0h:18m:27s (0h:5m:48s left)
Estimate model parameters (epsilon = 0.100)
BETTER TREE FOUND at iteration 105: -34390.120
Iteration 110 / LogL: -34397.378 / Time: 0h:19m:5s (0h:6m:48s left)
Iteration 120 / LogL: -34414.736 / Time: 0h:19m:40s (0h:5m:59s left)
Estimate model parameters (epsilon = 0.100)
BETTER TREE FOUND at iteration 122: -34386.839
Estimate model parameters (epsilon = 0.100)
BETTER TREE FOUND at iteration 123: -34386.287
Iteration 130 / LogL: -34392.899 / Time: 0h:20m:18s (0h:6m:30s left)
Estimate model parameters (epsilon = 0.100)
BETTER TREE FOUND at iteration 138: -34385.103
Iteration 140 / LogL: -34434.614 / Time: 0h:20m:53s (0h:6m:46s left)
Iteration 150 / LogL: -34397.039 / Time: 0h:21m:26s (0h:6m:0s left)
Estimate model parameters (epsilon = 0.100)
BETTER TREE FOUND at iteration 159: -34383.349
Iteration 160 / LogL: -34383.350 / Time: 0h:22m:2s (0h:6m:41s left)
Estimate model parameters (epsilon = 0.100)
BETTER TREE FOUND at iteration 170: -34381.444
Iteration 170 / LogL: -34381.444 / Time: 0h:22m:39s (0h:6m:43s left)
Estimate model parameters (epsilon = 0.100)
BETTER TREE FOUND at iteration 180: -34381.181
Iteration 180 / LogL: -34381.181 / Time: 0h:23m:12s (0h:6m:39s left)
Estimate model parameters (epsilon = 0.100)
BETTER TREE FOUND at iteration 184: -34377.525
Iteration 190 / LogL: -34378.986 / Time: 0h:23m:50s (0h:6m:14s left)
Iteration 200 / LogL: -34383.737 / Time: 0h:24m:25s (0h:5m:32s left)
Iteration 210 / LogL: -34387.792 / Time: 0h:24m:59s (0h:4m:50s left)
Estimate model parameters (epsilon = 0.100)
BETTER TREE FOUND at iteration 219: -34376.091
Iteration 220 / LogL: -34387.070 / Time: 0h:25m:34s (0h:6m:27s left)
Iteration 230 / LogL: -34389.128 / Time: 0h:26m:10s (0h:5m:47s left)
Iteration 240 / LogL: -34437.234 / Time: 0h:26m:45s (0h:5m:6s left)
Iteration 250 / LogL: -34399.012 / Time: 0h:27m:22s (0h:4m:27s left)
Iteration 260 / LogL: -34412.279 / Time: 0h:27m:59s (0h:3m:48s left)
Estimate model parameters (epsilon = 0.100)
BETTER TREE FOUND at iteration 270: -34375.463
Iteration 270 / LogL: -34375.463 / Time: 0h:28m:36s (0h:6m:26s left)
Iteration 280 / LogL: -34386.547 / Time: 0h:29m:14s (0h:5m:47s left)
Iteration 290 / LogL: -34399.674 / Time: 0h:29m:48s (0h:5m:7s left)
Iteration 300 / LogL: -34387.069 / Time: 0h:30m:22s (0h:4m:28s left)
Iteration 310 / LogL: -34498.374 / Time: 0h:30m:57s (0h:3m:49s left)
Estimate model parameters (epsilon = 0.100)
BETTER TREE FOUND at iteration 316: -34374.879
Iteration 320 / LogL: -34400.846 / Time: 0h:31m:32s (0h:6m:5s left)
Estimate model parameters (epsilon = 0.100)
BETTER TREE FOUND at iteration 328: -34374.609
Iteration 330 / LogL: -34408.408 / Time: 0h:32m:11s (0h:6m:13s left)
Iteration 340 / LogL: -34385.080 / Time: 0h:32m:46s (0h:5m:34s left)
Iteration 350 / LogL: -34411.303 / Time: 0h:33m:22s (0h:4m:56s left)
Estimate model parameters (epsilon = 0.100)
BETTER TREE FOUND at iteration 351: -34371.528
Estimate model parameters (epsilon = 0.100)
BETTER TREE FOUND at iteration 356: -34371.390
Iteration 360 / LogL: -34374.507 / Time: 0h:34m:1s (0h:6m:4s left)
Iteration 370 / LogL: -34380.945 / Time: 0h:34m:36s (0h:5m:26s left)
Iteration 380 / LogL: -34411.838 / Time: 0h:35m:12s (0h:4m:47s left)
Iteration 390 / LogL: -34405.859 / Time: 0h:35m:48s (0h:4m:9s left)
Estimate model parameters (epsilon = 0.100)
BETTER TREE FOUND at iteration 396: -34369.638
Iteration 400 / LogL: -34404.071 / Time: 0h:36m:24s (0h:6m:2s left)
Iteration 410 / LogL: -34372.748 / Time: 0h:37m:4s (0h:5m:25s left)
Iteration 420 / LogL: -34378.982 / Time: 0h:37m:41s (0h:4m:47s left)
Iteration 430 / LogL: -34392.106 / Time: 0h:38m:20s (0h:4m:9s left)
Iteration 440 / LogL: -34378.958 / Time: 0h:38m:59s (0h:3m:32s left)
Iteration 450 / LogL: -34373.467 / Time: 0h:39m:36s (0h:2m:54s left)
Iteration 460 / LogL: -34402.468 / Time: 0h:40m:14s (0h:2m:16s left)
Estimate model parameters (epsilon = 0.100)
BETTER TREE FOUND at iteration 462: -34367.893
Iteration 470 / LogL: -34373.447 / Time: 0h:40m:57s (0h:5m:49s left)
Iteration 480 / LogL: -34394.882 / Time: 0h:41m:32s (0h:5m:10s left)
Iteration 490 / LogL: -34381.974 / Time: 0h:42m:10s (0h:4m:32s left)
Estimate model parameters (epsilon = 0.100)
BETTER TREE FOUND at iteration 498: -34366.918
Iteration 500 / LogL: -34372.913 / Time: 0h:42m:49s (0h:6m:11s left)
Estimate model parameters (epsilon = 0.100)
BETTER TREE FOUND at iteration 508: -34366.068
Iteration 510 / LogL: -34372.098 / Time: 0h:43m:28s (0h:6m:11s left)
Iteration 520 / LogL: -34376.411 / Time: 0h:44m:3s (0h:5m:33s left)
Iteration 530 / LogL: -34374.585 / Time: 0h:44m:38s (0h:4m:55s left)
Iteration 540 / LogL: -34397.566 / Time: 0h:45m:14s (0h:4m:16s left)
Estimate model parameters (epsilon = 0.100)
BETTER TREE FOUND at iteration 544: -34365.357
Iteration 550 / LogL: -34372.467 / Time: 0h:45m:49s (0h:5m:54s left)
Iteration 560 / LogL: -34375.440 / Time: 0h:46m:26s (0h:5m:16s left)
Iteration 570 / LogL: -34405.222 / Time: 0h:46m:58s (0h:4m:38s left)
Iteration 580 / LogL: -34386.752 / Time: 0h:47m:33s (0h:4m:0s left)
Iteration 590 / LogL: -34413.309 / Time: 0h:48m:9s (0h:3m:22s left)
Iteration 600 / LogL: -34370.932 / Time: 0h:48m:44s (0h:2m:45s left)
Iteration 610 / LogL: -34372.259 / Time: 0h:49m:19s (0h:2m:7s left)
Iteration 620 / LogL: -34375.204 / Time: 0h:49m:55s (0h:1m:29s left)
Iteration 630 / LogL: -34369.299 / Time: 0h:50m:31s (0h:0m:52s left)
Iteration 640 / LogL: -34365.761 / Time: 0h:51m:5s (0h:0m:14s left)
TREE SEARCH COMPLETED AFTER 645 ITERATIONS / Time: 0h:51m:22s

--------------------------------------------------------------------
|                    FINALIZING TREE SEARCH                        |
--------------------------------------------------------------------
Performs final model parameters optimization
Estimate model parameters (epsilon = 0.010)
1. Initial log-likelihood: -34365.357
Optimal log-likelihood: -34365.356
Rate parameters:  A-C: 1.39060  A-G: 3.70744  A-T: 1.00000  C-G: 1.39060  C-T: 5.48449  G-T: 1.00000
Base frequencies:  A: 0.265  C: 0.245  G: 0.288  T: 0.202
Site proportion and rates:  (0.227,0.003) (0.162,0.061) (0.135,0.242) (0.115,0.620) (0.084,1.219) (0.278,2.821)
Parameters optimization took 1 rounds (0.799 sec)
BEST SCORE FOUND : -34365.356
Total tree length: 38.445

Total number of iterations: 645
CPU time used for tree search: 2331.281 sec (0h:38m:51s)
Wall-clock time used for tree search: 2380.689 sec (0h:39m:40s)
Total CPU time used: 3025.672 sec (0h:50m:25s)
Total wall-clock time used: 3083.498 sec (0h:51m:23s)

Analysis results written to: 
  IQ-TREE report:                /home/aglucaci/EvolutionOfNeurotrophins/analysis/Recombinants/01192021_BDNF_MACSE_RDP0.fas.iqtree
  Maximum-likelihood tree:       /home/aglucaci/EvolutionOfNeurotrophins/analysis/Recombinants/01192021_BDNF_MACSE_RDP0.fas.treefile
  Likelihood distances:          /home/aglucaci/EvolutionOfNeurotrophins/analysis/Recombinants/01192021_BDNF_MACSE_RDP0.fas.mldist
  Screen log file:               /home/aglucaci/EvolutionOfNeurotrophins/analysis/Recombinants/01192021_BDNF_MACSE_RDP0.fas.log

Date and Time: Tue Jan 19 13:06:48 2021
